<?xml version="1.0" encoding="UTF-8"?>
<!-- Generated by org.testng.reporters.JUnitXMLReporter -->
<testsuite ignored="0" hostname="LAPTOP-3AI9QJI2" failures="0" tests="11" name="Lexnod Test" time="94.679" errors="0" timestamp="2022-06-01T18:21:01 IST">
  <testcase classname="com.lexnod.quotes.VerifyQuotesTab" name="verifyQuotesTabTest" time="3.062"/>
  <testcase classname="com.lexnod.Dsahboards.VerifyDashboardsTab" name="verifyDashboardsTabTest" time="1.007"/>
  <testcase classname="com.lexnod.Accounts.VerifyAccountsTab" name="verifyAccountsTabTest" time="1.37"/>
  <testcase classname="com.lexnod.Reports.VerifyReportsTab" name="verifyReportsTabTest" time="1.191"/>
  <testcase classname="com.lexnod.Forecasts.VerifyForecastsTab" name="verifyForecastsTabTest" time="1.238"/>
  <testcase classname="com.lexnod.Potentials.VerifyPotentialsTab" name="verifyPotentialstabTest" time="1.632"/>
  <testcase classname="com.lexnod.leads.VerifyLeadsTab" name="verifyLeadsTabtest" time="1.867"/>
  <testcase classname="com.lexnod.leads.CreateNewLead" name="createNewLeadTest" time="4.922"/>
  <testcase classname="com.lexnod.Campaigns.VerifyCampaignsTab" name="verifyCampaignsTabTest" time="1.476"/>
  <testcase classname="com.lexnod.Contacts.VerifyContactsTab" name="verifyContactsTabTest" time="1.602"/>
  <testcase classname="com.lexnod.login.ValidLogin" name="validLoginTest" time="0.797"/>
</testsuite> <!-- Lexnod Test -->
