<?xml version="1.0" encoding="UTF-8"?>
<!-- Generated by org.testng.reporters.JUnitXMLReporter -->
<testsuite ignored="0" hostname="LAPTOP-3AI9QJI2" failures="0" tests="11" name="Lexnod Test" time="47.586" errors="0" timestamp="2022-06-02T10:21:04 IST">
  <testcase classname="com.lexnod.quotes.VerifyQuotesTab" name="verifyQuotesTabTest" time="3.818"/>
  <testcase classname="com.lexnod.Dsahboards.VerifyDashboardsTab" name="verifyDashboardsTabTest" time="1.122"/>
  <testcase classname="com.lexnod.Accounts.VerifyAccountsTab" name="verifyAccountsTabTest" time="1.222"/>
  <testcase classname="com.lexnod.Reports.VerifyReportsTab" name="verifyReportsTabTest" time="0.734"/>
  <testcase classname="com.lexnod.Forecasts.VerifyForecastsTab" name="verifyForecastsTabTest" time="0.839"/>
  <testcase classname="com.lexnod.Potentials.VerifyPotentialsTab" name="verifyPotentialstabTest" time="0.894"/>
  <testcase classname="com.lexnod.leads.VerifyLeadsTab" name="verifyLeadsTabtest" time="0.908"/>
  <testcase classname="com.lexnod.leads.CreateNewLead" name="createNewLeadTest" time="4.584"/>
  <testcase classname="com.lexnod.Campaigns.VerifyCampaignsTab" name="verifyCampaignsTabTest" time="0.966"/>
  <testcase classname="com.lexnod.Contacts.VerifyContactsTab" name="verifyContactsTabTest" time="0.881"/>
  <testcase classname="com.lexnod.login.ValidLogin" name="validLoginTest" time="0.693"/>
</testsuite> <!-- Lexnod Test -->
