<?xml version="1.0" encoding="UTF-8"?>
<testsuite name="TestSuite" time="24.133" tests="11" errors="0" skipped="0" failures="0">
  <properties>
[...]
</properties>
  <testcase name="verifyQuotesTabTest" classname="com.lexnod.quotes.VerifyQuotesTab" time="5.738"/>
  <testcase name="verifyDashboardsTabTest" classname="com.lexnod.Dsahboards.VerifyDashboardsTab" time="0.944"/>
  <testcase name="verifyAccountsTabTest" classname="com.lexnod.Accounts.VerifyAccountsTab" time="1.452"/>
  <testcase name="verifyReportsTabTest" classname="com.lexnod.Reports.VerifyReportsTab" time="0.955"/>
  <testcase name="verifyForecastsTabTest" classname="com.lexnod.Forecasts.VerifyForecastsTab" time="1.114"/>
  <testcase name="verifyPotentialstabTest" classname="com.lexnod.Potentials.VerifyPotentialsTab" time="1.5"/>
  <testcase name="verifyLeadsTabtest" classname="com.lexnod.leads.VerifyLeadsTab" time="1.525"/>
  <testcase name="createNewLeadTest" classname="com.lexnod.leads.CreateNewLead" time="7.592"/>
  <testcase name="verifyCampaignsTabTest" classname="com.lexnod.Campaigns.VerifyCampaignsTab" time="1.477"/>
  <testcase name="verifyContactsTabTest" classname="com.lexnod.Contacts.VerifyContactsTab" time="1.186"/>
  <testcase name="validLoginTest" classname="com.lexnod.login.ValidLogin" time="0.65"/>
</testsuite>