<?xml version="1.0" encoding="UTF-8"?>
<testng-results ignored="0" total="11" passed="11" failed="0" skipped="0">
  <reporter-output>
    <line>
      <![CDATA[Sign in Page is Displayed,PASS]]>
    </line>
    <line>
      <![CDATA[verifyQuotesTabTest method started]]>
    </line>
    <line>
      <![CDATA[Lexnod Home page is Displayed,PASS]]>
    </line>
    <line>
      <![CDATA[Sign in Page is Displayed,PASS]]>
    </line>
    <line>
      <![CDATA[verifyDashboardsTabTest method started]]>
    </line>
    <line>
      <![CDATA[Lexnod Home page is Displayed,PASS]]>
    </line>
    <line>
      <![CDATA[Dashboard text is Displayed]]>
    </line>
    <line>
      <![CDATA[Sign in Page is Displayed,PASS]]>
    </line>
    <line>
      <![CDATA[verifyAccountsTabTest method started]]>
    </line>
    <line>
      <![CDATA[Lexnod Home page is Displayed,PASS]]>
    </line>
    <line>
      <![CDATA[Accounts Text is Displayed]]>
    </line>
    <line>
      <![CDATA[Sign in Page is Displayed,PASS]]>
    </line>
    <line>
      <![CDATA[verifyReportsTabTest method started]]>
    </line>
    <line>
      <![CDATA[Lexnod Home page is Displayed,PASS]]>
    </line>
    <line>
      <![CDATA[Reports text is Displayed]]>
    </line>
    <line>
      <![CDATA[Sign in Page is Displayed,PASS]]>
    </line>
    <line>
      <![CDATA[verifyForecastsTabTest method started]]>
    </line>
    <line>
      <![CDATA[Lexnod Home page is Displayed,PASS]]>
    </line>
    <line>
      <![CDATA[Forecasts Text is Displayed]]>
    </line>
    <line>
      <![CDATA[Sign in Page is Displayed,PASS]]>
    </line>
    <line>
      <![CDATA[verifyPotentialstabTest method started]]>
    </line>
    <line>
      <![CDATA[Lexnod Home page is Displayed,PASS]]>
    </line>
    <line>
      <![CDATA[Potentials Text is Displayed]]>
    </line>
    <line>
      <![CDATA[Sign in Page is Displayed,PASS]]>
    </line>
    <line>
      <![CDATA[verifyLeadsTabtest method started]]>
    </line>
    <line>
      <![CDATA[Lexnod Home page is Displayed,PASS]]>
    </line>
    <line>
      <![CDATA[LeadsText is Displayed]]>
    </line>
    <line>
      <![CDATA[Sign in Page is Displayed,PASS]]>
    </line>
    <line>
      <![CDATA[createNewLeadTest method started]]>
    </line>
    <line>
      <![CDATA[Lexnod Home page is Displayed,PASS]]>
    </line>
    <line>
      <![CDATA[LeadsText is Displayed]]>
    </line>
    <line>
      <![CDATA[Create Lead Page is Displayed,PASS]]>
    </line>
    <line>
      <![CDATA[LeadDetails Page is Displayed,PASS]]>
    </line>
    <line>
      <![CDATA[Lead Name Text is Displayed,PASS]]>
    </line>
    <line>
      <![CDATA[Sign in Page is Displayed,PASS]]>
    </line>
    <line>
      <![CDATA[verifyCampaignsTabTest method started]]>
    </line>
    <line>
      <![CDATA[Lexnod Home page is Displayed,PASS]]>
    </line>
    <line>
      <![CDATA[Campaigns text is Displayed]]>
    </line>
    <line>
      <![CDATA[Sign in Page is Displayed,PASS]]>
    </line>
    <line>
      <![CDATA[verifyContactsTabTest method started]]>
    </line>
    <line>
      <![CDATA[Lexnod Home page is Displayed,PASS]]>
    </line>
    <line>
      <![CDATA[Contacts Text is Displayed]]>
    </line>
    <line>
      <![CDATA[Sign in Page is Displayed,PASS]]>
    </line>
    <line>
      <![CDATA[validLoginTest method started]]>
    </line>
    <line>
      <![CDATA[Lexnod Home page is Displayed,PASS]]>
    </line>
  </reporter-output>
  <suite started-at="2022-06-01T08:23:59 IST" name="Suite" finished-at="2022-06-01T08:25:34 IST" duration-ms="95666">
    <groups>
    </groups>
    <test started-at="2022-06-01T08:23:59 IST" name="Lexnod Test" finished-at="2022-06-01T08:25:34 IST" duration-ms="95666">
      <class name="com.lexnod.login.ValidLogin">
        <test-method is-config="true" signature="openBrowser()[pri:0, instance:com.lexnod.login.ValidLogin@53976f5c]" started-at="2022-06-01T08:25:26 IST" name="openBrowser" finished-at="2022-06-01T08:25:33 IST" duration-ms="6742" status="PASS">
          <reporter-output>
            <line>
              <![CDATA[Sign in Page is Displayed,PASS]]>
            </line>
          </reporter-output>
        </test-method> <!-- openBrowser -->
        <test-method signature="validLoginTest()[pri:0, instance:com.lexnod.login.ValidLogin@53976f5c]" started-at="2022-06-01T08:25:33 IST" name="validLoginTest" finished-at="2022-06-01T08:25:34 IST" duration-ms="767" status="PASS">
          <reporter-output>
            <line>
              <![CDATA[validLoginTest method started]]>
            </line>
            <line>
              <![CDATA[Lexnod Home page is Displayed,PASS]]>
            </line>
          </reporter-output>
        </test-method> <!-- validLoginTest -->
        <test-method is-config="true" signature="closeBrowser()[pri:0, instance:com.lexnod.login.ValidLogin@53976f5c]" started-at="2022-06-01T08:25:34 IST" name="closeBrowser" finished-at="2022-06-01T08:25:34 IST" duration-ms="618" status="PASS">
          <reporter-output>
          </reporter-output>
        </test-method> <!-- closeBrowser -->
      </class> <!-- com.lexnod.login.ValidLogin -->
      <class name="com.lexnod.Reports.VerifyReportsTab">
        <test-method is-config="true" signature="openBrowser()[pri:0, instance:com.lexnod.Reports.VerifyReportsTab@11bd0f3b]" started-at="2022-06-01T08:24:27 IST" name="openBrowser" finished-at="2022-06-01T08:24:34 IST" duration-ms="6486" status="PASS">
          <reporter-output>
            <line>
              <![CDATA[Sign in Page is Displayed,PASS]]>
            </line>
          </reporter-output>
        </test-method> <!-- openBrowser -->
        <test-method signature="verifyReportsTabTest()[pri:0, instance:com.lexnod.Reports.VerifyReportsTab@11bd0f3b]" started-at="2022-06-01T08:24:34 IST" name="verifyReportsTabTest" finished-at="2022-06-01T08:24:35 IST" duration-ms="975" status="PASS">
          <reporter-output>
            <line>
              <![CDATA[verifyReportsTabTest method started]]>
            </line>
            <line>
              <![CDATA[Lexnod Home page is Displayed,PASS]]>
            </line>
            <line>
              <![CDATA[Reports text is Displayed]]>
            </line>
          </reporter-output>
        </test-method> <!-- verifyReportsTabTest -->
        <test-method is-config="true" signature="closeBrowser()[pri:0, instance:com.lexnod.Reports.VerifyReportsTab@11bd0f3b]" started-at="2022-06-01T08:24:35 IST" name="closeBrowser" finished-at="2022-06-01T08:24:35 IST" duration-ms="593" status="PASS">
          <reporter-output>
          </reporter-output>
        </test-method> <!-- closeBrowser -->
      </class> <!-- com.lexnod.Reports.VerifyReportsTab -->
      <class name="com.lexnod.Accounts.VerifyAccountsTab">
        <test-method is-config="true" signature="openBrowser()[pri:0, instance:com.lexnod.Accounts.VerifyAccountsTab@69e1dd28]" started-at="2022-06-01T08:24:19 IST" name="openBrowser" finished-at="2022-06-01T08:24:25 IST" duration-ms="6424" status="PASS">
          <reporter-output>
            <line>
              <![CDATA[Sign in Page is Displayed,PASS]]>
            </line>
          </reporter-output>
        </test-method> <!-- openBrowser -->
        <test-method signature="verifyAccountsTabTest()[pri:0, instance:com.lexnod.Accounts.VerifyAccountsTab@69e1dd28]" started-at="2022-06-01T08:24:25 IST" name="verifyAccountsTabTest" finished-at="2022-06-01T08:24:27 IST" duration-ms="1313" status="PASS">
          <reporter-output>
            <line>
              <![CDATA[verifyAccountsTabTest method started]]>
            </line>
            <line>
              <![CDATA[Lexnod Home page is Displayed,PASS]]>
            </line>
            <line>
              <![CDATA[Accounts Text is Displayed]]>
            </line>
          </reporter-output>
        </test-method> <!-- verifyAccountsTabTest -->
        <test-method is-config="true" signature="closeBrowser()[pri:0, instance:com.lexnod.Accounts.VerifyAccountsTab@69e1dd28]" started-at="2022-06-01T08:24:27 IST" name="closeBrowser" finished-at="2022-06-01T08:24:27 IST" duration-ms="626" status="PASS">
          <reporter-output>
          </reporter-output>
        </test-method> <!-- closeBrowser -->
      </class> <!-- com.lexnod.Accounts.VerifyAccountsTab -->
      <class name="com.lexnod.leads.VerifyLeadsTab">
        <test-method is-config="true" signature="openBrowser()[pri:0, instance:com.lexnod.leads.VerifyLeadsTab@1eb5174b]" started-at="2022-06-01T08:24:52 IST" name="openBrowser" finished-at="2022-06-01T08:24:58 IST" duration-ms="5839" status="PASS">
          <reporter-output>
            <line>
              <![CDATA[Sign in Page is Displayed,PASS]]>
            </line>
          </reporter-output>
        </test-method> <!-- openBrowser -->
        <test-method signature="verifyLeadsTabtest()[pri:0, instance:com.lexnod.leads.VerifyLeadsTab@1eb5174b]" started-at="2022-06-01T08:24:58 IST" name="verifyLeadsTabtest" finished-at="2022-06-01T08:24:59 IST" duration-ms="1557" status="PASS">
          <reporter-output>
            <line>
              <![CDATA[verifyLeadsTabtest method started]]>
            </line>
            <line>
              <![CDATA[Lexnod Home page is Displayed,PASS]]>
            </line>
            <line>
              <![CDATA[LeadsText is Displayed]]>
            </line>
          </reporter-output>
        </test-method> <!-- verifyLeadsTabtest -->
        <test-method is-config="true" signature="closeBrowser()[pri:0, instance:com.lexnod.leads.VerifyLeadsTab@1eb5174b]" started-at="2022-06-01T08:24:59 IST" name="closeBrowser" finished-at="2022-06-01T08:25:00 IST" duration-ms="615" status="PASS">
          <reporter-output>
          </reporter-output>
        </test-method> <!-- closeBrowser -->
      </class> <!-- com.lexnod.leads.VerifyLeadsTab -->
      <class name="com.lexnod.Forecasts.VerifyForecastsTab">
        <test-method is-config="true" signature="openBrowser()[pri:0, instance:com.lexnod.Forecasts.VerifyForecastsTab@c333c60]" started-at="2022-06-01T08:24:35 IST" name="openBrowser" finished-at="2022-06-01T08:24:42 IST" duration-ms="6365" status="PASS">
          <reporter-output>
            <line>
              <![CDATA[Sign in Page is Displayed,PASS]]>
            </line>
          </reporter-output>
        </test-method> <!-- openBrowser -->
        <test-method signature="verifyForecastsTabTest()[pri:0, instance:com.lexnod.Forecasts.VerifyForecastsTab@c333c60]" started-at="2022-06-01T08:24:42 IST" name="verifyForecastsTabTest" finished-at="2022-06-01T08:24:43 IST" duration-ms="1059" status="PASS">
          <reporter-output>
            <line>
              <![CDATA[verifyForecastsTabTest method started]]>
            </line>
            <line>
              <![CDATA[Lexnod Home page is Displayed,PASS]]>
            </line>
            <line>
              <![CDATA[Forecasts Text is Displayed]]>
            </line>
          </reporter-output>
        </test-method> <!-- verifyForecastsTabTest -->
        <test-method is-config="true" signature="closeBrowser()[pri:0, instance:com.lexnod.Forecasts.VerifyForecastsTab@c333c60]" started-at="2022-06-01T08:24:43 IST" name="closeBrowser" finished-at="2022-06-01T08:24:43 IST" duration-ms="592" status="PASS">
          <reporter-output>
          </reporter-output>
        </test-method> <!-- closeBrowser -->
      </class> <!-- com.lexnod.Forecasts.VerifyForecastsTab -->
      <class name="com.lexnod.Potentials.VerifyPotentialsTab">
        <test-method is-config="true" signature="openBrowser()[pri:0, instance:com.lexnod.Potentials.VerifyPotentialsTab@79da8dc5]" started-at="2022-06-01T08:24:43 IST" name="openBrowser" finished-at="2022-06-01T08:24:50 IST" duration-ms="6517" status="PASS">
          <reporter-output>
            <line>
              <![CDATA[Sign in Page is Displayed,PASS]]>
            </line>
          </reporter-output>
        </test-method> <!-- openBrowser -->
        <test-method signature="verifyPotentialstabTest()[pri:0, instance:com.lexnod.Potentials.VerifyPotentialsTab@79da8dc5]" started-at="2022-06-01T08:24:50 IST" name="verifyPotentialstabTest" finished-at="2022-06-01T08:24:51 IST" duration-ms="1332" status="PASS">
          <reporter-output>
            <line>
              <![CDATA[verifyPotentialstabTest method started]]>
            </line>
            <line>
              <![CDATA[Lexnod Home page is Displayed,PASS]]>
            </line>
            <line>
              <![CDATA[Potentials Text is Displayed]]>
            </line>
          </reporter-output>
        </test-method> <!-- verifyPotentialstabTest -->
        <test-method is-config="true" signature="closeBrowser()[pri:0, instance:com.lexnod.Potentials.VerifyPotentialsTab@79da8dc5]" started-at="2022-06-01T08:24:51 IST" name="closeBrowser" finished-at="2022-06-01T08:24:52 IST" duration-ms="620" status="PASS">
          <reporter-output>
          </reporter-output>
        </test-method> <!-- closeBrowser -->
      </class> <!-- com.lexnod.Potentials.VerifyPotentialsTab -->
      <class name="com.lexnod.Campaigns.VerifyCampaignsTab">
        <test-method is-config="true" signature="openBrowser()[pri:0, instance:com.lexnod.Campaigns.VerifyCampaignsTab@696da30b]" started-at="2022-06-01T08:25:11 IST" name="openBrowser" finished-at="2022-06-01T08:25:16 IST" duration-ms="5490" status="PASS">
          <reporter-output>
            <line>
              <![CDATA[Sign in Page is Displayed,PASS]]>
            </line>
          </reporter-output>
        </test-method> <!-- openBrowser -->
        <test-method signature="verifyCampaignsTabTest()[pri:0, instance:com.lexnod.Campaigns.VerifyCampaignsTab@696da30b]" started-at="2022-06-01T08:25:16 IST" name="verifyCampaignsTabTest" finished-at="2022-06-01T08:25:17 IST" duration-ms="1246" status="PASS">
          <reporter-output>
            <line>
              <![CDATA[verifyCampaignsTabTest method started]]>
            </line>
            <line>
              <![CDATA[Lexnod Home page is Displayed,PASS]]>
            </line>
            <line>
              <![CDATA[Campaigns text is Displayed]]>
            </line>
          </reporter-output>
        </test-method> <!-- verifyCampaignsTabTest -->
        <test-method is-config="true" signature="closeBrowser()[pri:0, instance:com.lexnod.Campaigns.VerifyCampaignsTab@696da30b]" started-at="2022-06-01T08:25:17 IST" name="closeBrowser" finished-at="2022-06-01T08:25:18 IST" duration-ms="610" status="PASS">
          <reporter-output>
          </reporter-output>
        </test-method> <!-- closeBrowser -->
      </class> <!-- com.lexnod.Campaigns.VerifyCampaignsTab -->
      <class name="com.lexnod.Contacts.VerifyContactsTab">
        <test-method is-config="true" signature="openBrowser()[pri:0, instance:com.lexnod.Contacts.VerifyContactsTab@4e7912d8]" started-at="2022-06-01T08:25:18 IST" name="openBrowser" finished-at="2022-06-01T08:25:24 IST" duration-ms="6490" status="PASS">
          <reporter-output>
            <line>
              <![CDATA[Sign in Page is Displayed,PASS]]>
            </line>
          </reporter-output>
        </test-method> <!-- openBrowser -->
        <test-method signature="verifyContactsTabTest()[pri:0, instance:com.lexnod.Contacts.VerifyContactsTab@4e7912d8]" started-at="2022-06-01T08:25:24 IST" name="verifyContactsTabTest" finished-at="2022-06-01T08:25:26 IST" duration-ms="1076" status="PASS">
          <reporter-output>
            <line>
              <![CDATA[verifyContactsTabTest method started]]>
            </line>
            <line>
              <![CDATA[Lexnod Home page is Displayed,PASS]]>
            </line>
            <line>
              <![CDATA[Contacts Text is Displayed]]>
            </line>
          </reporter-output>
        </test-method> <!-- verifyContactsTabTest -->
        <test-method is-config="true" signature="closeBrowser()[pri:0, instance:com.lexnod.Contacts.VerifyContactsTab@4e7912d8]" started-at="2022-06-01T08:25:26 IST" name="closeBrowser" finished-at="2022-06-01T08:25:26 IST" duration-ms="598" status="PASS">
          <reporter-output>
          </reporter-output>
        </test-method> <!-- closeBrowser -->
      </class> <!-- com.lexnod.Contacts.VerifyContactsTab -->
      <class name="com.lexnod.leads.CreateNewLead">
        <test-method is-config="true" signature="openBrowser()[pri:0, instance:com.lexnod.leads.CreateNewLead@5fd4f8f5]" started-at="2022-06-01T08:25:00 IST" name="openBrowser" finished-at="2022-06-01T08:25:06 IST" duration-ms="6330" status="PASS">
          <reporter-output>
            <line>
              <![CDATA[Sign in Page is Displayed,PASS]]>
            </line>
          </reporter-output>
        </test-method> <!-- openBrowser -->
        <test-method signature="createNewLeadTest()[pri:0, instance:com.lexnod.leads.CreateNewLead@5fd4f8f5]" started-at="2022-06-01T08:25:06 IST" name="createNewLeadTest" finished-at="2022-06-01T08:25:10 IST" duration-ms="3923" status="PASS">
          <reporter-output>
            <line>
              <![CDATA[createNewLeadTest method started]]>
            </line>
            <line>
              <![CDATA[Lexnod Home page is Displayed,PASS]]>
            </line>
            <line>
              <![CDATA[LeadsText is Displayed]]>
            </line>
            <line>
              <![CDATA[Create Lead Page is Displayed,PASS]]>
            </line>
            <line>
              <![CDATA[LeadDetails Page is Displayed,PASS]]>
            </line>
            <line>
              <![CDATA[Lead Name Text is Displayed,PASS]]>
            </line>
          </reporter-output>
        </test-method> <!-- createNewLeadTest -->
        <test-method is-config="true" signature="closeBrowser()[pri:0, instance:com.lexnod.leads.CreateNewLead@5fd4f8f5]" started-at="2022-06-01T08:25:10 IST" name="closeBrowser" finished-at="2022-06-01T08:25:11 IST" duration-ms="610" status="PASS">
          <reporter-output>
          </reporter-output>
        </test-method> <!-- closeBrowser -->
      </class> <!-- com.lexnod.leads.CreateNewLead -->
      <class name="com.lexnod.quotes.VerifyQuotesTab">
        <test-method is-config="true" signature="openBrowser()[pri:0, instance:com.lexnod.quotes.VerifyQuotesTab@747edf66]" started-at="2022-06-01T08:23:59 IST" name="openBrowser" finished-at="2022-06-01T08:24:07 IST" duration-ms="8403" status="PASS">
          <reporter-output>
            <line>
              <![CDATA[Sign in Page is Displayed,PASS]]>
            </line>
          </reporter-output>
        </test-method> <!-- openBrowser -->
        <test-method signature="verifyQuotesTabTest()[pri:0, instance:com.lexnod.quotes.VerifyQuotesTab@747edf66]" started-at="2022-06-01T08:24:07 IST" name="verifyQuotesTabTest" finished-at="2022-06-01T08:24:10 IST" duration-ms="2812" status="PASS">
          <reporter-output>
            <line>
              <![CDATA[verifyQuotesTabTest method started]]>
            </line>
            <line>
              <![CDATA[Lexnod Home page is Displayed,PASS]]>
            </line>
          </reporter-output>
        </test-method> <!-- verifyQuotesTabTest -->
        <test-method is-config="true" signature="closeBrowser()[pri:0, instance:com.lexnod.quotes.VerifyQuotesTab@747edf66]" started-at="2022-06-01T08:24:10 IST" name="closeBrowser" finished-at="2022-06-01T08:24:11 IST" duration-ms="638" status="PASS">
          <reporter-output>
          </reporter-output>
        </test-method> <!-- closeBrowser -->
      </class> <!-- com.lexnod.quotes.VerifyQuotesTab -->
      <class name="com.lexnod.Dsahboards.VerifyDashboardsTab">
        <test-method is-config="true" signature="openBrowser()[pri:0, instance:com.lexnod.Dsahboards.VerifyDashboardsTab@3738449f]" started-at="2022-06-01T08:24:11 IST" name="openBrowser" finished-at="2022-06-01T08:24:17 IST" duration-ms="6547" status="PASS">
          <reporter-output>
            <line>
              <![CDATA[Sign in Page is Displayed,PASS]]>
            </line>
          </reporter-output>
        </test-method> <!-- openBrowser -->
        <test-method signature="verifyDashboardsTabTest()[pri:0, instance:com.lexnod.Dsahboards.VerifyDashboardsTab@3738449f]" started-at="2022-06-01T08:24:17 IST" name="verifyDashboardsTabTest" finished-at="2022-06-01T08:24:18 IST" duration-ms="875" status="PASS">
          <reporter-output>
            <line>
              <![CDATA[verifyDashboardsTabTest method started]]>
            </line>
            <line>
              <![CDATA[Lexnod Home page is Displayed,PASS]]>
            </line>
            <line>
              <![CDATA[Dashboard text is Displayed]]>
            </line>
          </reporter-output>
        </test-method> <!-- verifyDashboardsTabTest -->
        <test-method is-config="true" signature="closeBrowser()[pri:0, instance:com.lexnod.Dsahboards.VerifyDashboardsTab@3738449f]" started-at="2022-06-01T08:24:18 IST" name="closeBrowser" finished-at="2022-06-01T08:24:19 IST" duration-ms="606" status="PASS">
          <reporter-output>
          </reporter-output>
        </test-method> <!-- closeBrowser -->
      </class> <!-- com.lexnod.Dsahboards.VerifyDashboardsTab -->
    </test> <!-- Lexnod Test -->
  </suite> <!-- Suite -->
</testng-results>
