<?xml version="1.0" encoding="UTF-8"?>
<testng-results ignored="0" total="1" passed="1" failed="0" skipped="0">
  <reporter-output>
    <line>
      <![CDATA[Default test started]]>
    </line>
    <line>
      <![CDATA[Sign in Page is Displayed,PASS]]>
    </line>
    <line>
      <![CDATA[createNewLeadTest method started]]>
    </line>
    <line>
      <![CDATA[Lexnod Home page is Displayed,PASS]]>
    </line>
    <line>
      <![CDATA[LeadsText is Displayed]]>
    </line>
    <line>
      <![CDATA[Create Lead Page is Displayed,PASS]]>
    </line>
    <line>
      <![CDATA[LeadDetails Page is Displayed,PASS]]>
    </line>
    <line>
      <![CDATA[Lead Name Text is Displayed,PASS]]>
    </line>
    <line>
      <![CDATA[createNewLeadTest method PASSED]]>
    </line>
  </reporter-output>
  <suite started-at="2022-05-28T10:24:13 IST" name="Default suite" finished-at="2022-05-28T10:24:21 IST" duration-ms="8219">
    <groups>
    </groups>
    <test started-at="2022-05-28T10:24:13 IST" name="Default test" finished-at="2022-05-28T10:24:21 IST" duration-ms="8219">
      <class name="com.lexnod.leads.CreateNewLead">
        <test-method is-config="true" signature="openBrowser()[pri:0, instance:com.lexnod.leads.CreateNewLead@576d5deb]" started-at="2022-05-28T10:24:13 IST" name="openBrowser" finished-at="2022-05-28T10:24:17 IST" duration-ms="4072" status="PASS">
          <reporter-output>
            <line>
              <![CDATA[Sign in Page is Displayed,PASS]]>
            </line>
          </reporter-output>
        </test-method> <!-- openBrowser -->
        <test-method signature="createNewLeadTest()[pri:0, instance:com.lexnod.leads.CreateNewLead@576d5deb]" started-at="2022-05-28T10:24:17 IST" name="createNewLeadTest" finished-at="2022-05-28T10:24:21 IST" duration-ms="3844" status="PASS">
          <reporter-output>
            <line>
              <![CDATA[createNewLeadTest method started]]>
            </line>
            <line>
              <![CDATA[Lexnod Home page is Displayed,PASS]]>
            </line>
            <line>
              <![CDATA[LeadsText is Displayed]]>
            </line>
            <line>
              <![CDATA[Create Lead Page is Displayed,PASS]]>
            </line>
            <line>
              <![CDATA[LeadDetails Page is Displayed,PASS]]>
            </line>
            <line>
              <![CDATA[Lead Name Text is Displayed,PASS]]>
            </line>
            <line>
              <![CDATA[createNewLeadTest method PASSED]]>
            </line>
          </reporter-output>
        </test-method> <!-- createNewLeadTest -->
        <test-method is-config="true" signature="closeBrowser()[pri:0, instance:com.lexnod.leads.CreateNewLead@576d5deb]" started-at="2022-05-28T10:24:21 IST" name="closeBrowser" finished-at="2022-05-28T10:24:21 IST" duration-ms="265" status="PASS">
          <reporter-output>
          </reporter-output>
        </test-method> <!-- closeBrowser -->
      </class> <!-- com.lexnod.leads.CreateNewLead -->
    </test> <!-- Default test -->
  </suite> <!-- Default suite -->
</testng-results>
