<?xml version="1.0" encoding="UTF-8"?>
<testng-results ignored="0" total="1" passed="1" failed="0" skipped="0">
  <reporter-output>
    <line>
      <![CDATA[Sign in Page is Displayed,PASS]]>
    </line>
    <line>
      <![CDATA[createPotentialTest method started]]>
    </line>
    <line>
      <![CDATA[Lexnod Home page is Displayed,PASS]]>
    </line>
    <line>
      <![CDATA[Potentials Text is Displayed]]>
    </line>
    <line>
      <![CDATA[Create Potential Page is Displayed,PASS]]>
    </line>
    <line>
      <![CDATA[Potential Detail Page is Displayed,PASS]]>
    </line>
  </reporter-output>
  <suite started-at="2022-06-06T16:59:27 IST" name="Default suite" finished-at="2022-06-06T16:59:34 IST" duration-ms="7217">
    <groups>
    </groups>
    <test started-at="2022-06-06T16:59:27 IST" name="Default test" finished-at="2022-06-06T16:59:34 IST" duration-ms="7217">
      <class name="com.lexnod.Potentials.CreatePotential">
        <test-method is-config="true" signature="openBrowser()[pri:0, instance:com.lexnod.Potentials.CreatePotential@4b45a2f5]" started-at="2022-06-06T16:59:27 IST" name="openBrowser" finished-at="2022-06-06T16:59:30 IST" duration-ms="2986" status="PASS">
          <reporter-output>
            <line>
              <![CDATA[Sign in Page is Displayed,PASS]]>
            </line>
          </reporter-output>
        </test-method> <!-- openBrowser -->
        <test-method signature="createPotentialTest()[pri:0, instance:com.lexnod.Potentials.CreatePotential@4b45a2f5]" started-at="2022-06-06T16:59:30 IST" name="createPotentialTest" finished-at="2022-06-06T16:59:34 IST" duration-ms="3892" status="PASS">
          <reporter-output>
            <line>
              <![CDATA[createPotentialTest method started]]>
            </line>
            <line>
              <![CDATA[Lexnod Home page is Displayed,PASS]]>
            </line>
            <line>
              <![CDATA[Potentials Text is Displayed]]>
            </line>
            <line>
              <![CDATA[Create Potential Page is Displayed,PASS]]>
            </line>
            <line>
              <![CDATA[Potential Detail Page is Displayed,PASS]]>
            </line>
          </reporter-output>
        </test-method> <!-- createPotentialTest -->
      </class> <!-- com.lexnod.Potentials.CreatePotential -->
    </test> <!-- Default test -->
  </suite> <!-- Default suite -->
</testng-results>
